<?xml version="1.0" encoding="UTF-8"?>
<!-- Generated by org.testng.reporters.JUnitXMLReporter -->
<testsuite hostname="DESKTOP-USTF50U" ignored="0" name="Default test" tests="3" failures="0" timestamp="2023-02-17T14:55:05 IST" time="28.845" errors="0">
  <testcase name="Login" time="3.312" classname="RunnerFile.StepDefination"/>
  <testcase name="MasterData" time="10.592" classname="RunnerFile.StepDefination"/>
  <testcase name="LogOut" time="10.798" classname="RunnerFile.StepDefination"/>
</testsuite> <!-- Default test -->
