<?xml version="1.0" encoding="UTF-8"?>
<!-- Generated by org.testng.reporters.JUnitXMLReporter -->
<testsuite hostname="DESKTOP-USTF50U" ignored="0" name="Default test" tests="3" failures="0" timestamp="2023-02-20T12:17:14 IST" time="67.998" errors="0">
  <testcase name="Login" time="4.03" classname="RunnerFile.StepDefination"/>
  <testcase name="MasterData" time="48.541" classname="RunnerFile.StepDefination"/>
  <testcase name="LogOut" time="10.82" classname="RunnerFile.StepDefination"/>
</testsuite> <!-- Default test -->
