<?xml version="1.0" encoding="UTF-8"?>
<testng-results skipped="0" failed="0" ignored="0" total="2" passed="2">
  <reporter-output>
  </reporter-output>
  <suite name="Default suite" duration-ms="196789" started-at="2023-02-22T14:40:56 IST" finished-at="2023-02-22T14:44:13 IST">
    <groups>
    </groups>
    <test name="Default test" duration-ms="196789" started-at="2023-02-22T14:40:56 IST" finished-at="2023-02-22T14:44:13 IST">
      <class name="RunnerFile.StepDefination">
        <test-method status="PASS" signature="setUp()[pri:0, instance:RunnerFile.StepDefination@fe18270]" name="setUp" is-config="true" duration-ms="6227" started-at="2023-02-22T14:40:56 IST" finished-at="2023-02-22T14:41:02 IST">
          <reporter-output>
          </reporter-output>
        </test-method> <!-- setUp -->
        <test-method status="PASS" signature="Login()[pri:0, instance:RunnerFile.StepDefination@fe18270]" name="Login" duration-ms="3232" started-at="2023-02-22T14:41:02 IST" finished-at="2023-02-22T14:41:06 IST">
          <reporter-output>
          </reporter-output>
        </test-method> <!-- Login -->
        <test-method status="PASS" signature="MasterData()[pri:1, instance:RunnerFile.StepDefination@fe18270]" name="MasterData" duration-ms="176975" started-at="2023-02-22T14:41:06 IST" finished-at="2023-02-22T14:44:02 IST">
          <reporter-output>
          </reporter-output>
        </test-method> <!-- MasterData -->
        <test-method status="PASS" signature="LogOut()[pri:0, instance:RunnerFile.StepDefination@fe18270]" name="LogOut" is-config="true" duration-ms="10267" started-at="2023-02-22T14:44:02 IST" finished-at="2023-02-22T14:44:13 IST">
          <reporter-output>
          </reporter-output>
        </test-method> <!-- LogOut -->
      </class> <!-- RunnerFile.StepDefination -->
    </test> <!-- Default test -->
  </suite> <!-- Default suite -->
</testng-results>
