<?xml version="1.0" encoding="UTF-8"?>
<testng-results ignored="0" total="2" passed="2" failed="0" skipped="0">
  <reporter-output>
  </reporter-output>
  <suite started-at="2023-03-21T12:57:50 IST" name="Default suite" finished-at="2023-03-21T12:58:23 IST" duration-ms="32925">
    <groups>
    </groups>
    <test started-at="2023-03-21T12:57:50 IST" name="Default test" finished-at="2023-03-21T12:58:23 IST" duration-ms="32925">
      <class name="RunnerFile.StepDefination">
        <test-method is-config="true" signature="setUp()[pri:0, instance:RunnerFile.StepDefination@70e9c95d]" started-at="2023-03-21T12:57:50 IST" name="setUp" finished-at="2023-03-21T12:57:54 IST" duration-ms="4061" status="PASS">
          <reporter-output>
          </reporter-output>
        </test-method> <!-- setUp -->
        <test-method signature="Login()[pri:0, instance:RunnerFile.StepDefination@70e9c95d]" started-at="2023-03-21T12:57:54 IST" name="Login" finished-at="2023-03-21T12:58:00 IST" duration-ms="5550" status="PASS">
          <reporter-output>
          </reporter-output>
        </test-method> <!-- Login -->
        <test-method signature="MasterData()[pri:1, instance:RunnerFile.StepDefination@70e9c95d]" started-at="2023-03-21T12:58:00 IST" name="MasterData" finished-at="2023-03-21T12:58:23 IST" duration-ms="23241" status="PASS">
          <reporter-output>
          </reporter-output>
        </test-method> <!-- MasterData -->
        <test-method is-config="true" signature="LogOut()[pri:0, instance:RunnerFile.StepDefination@70e9c95d]" started-at="2023-03-21T12:58:23 IST" name="LogOut" finished-at="2023-03-21T12:58:23 IST" duration-ms="0" status="PASS">
          <reporter-output>
          </reporter-output>
        </test-method> <!-- LogOut -->
      </class> <!-- RunnerFile.StepDefination -->
    </test> <!-- Default test -->
  </suite> <!-- Default suite -->
</testng-results>
